<?xml version="1.0" encoding="UTF-8" ?>
<testsuite tests="4" failures="0" name="com.juvenxu.mvnbook.account.persist.AccountPersistServiceTest" time="0.549" errors="0" skipped="0">
  <properties>
    <property name="java.runtime.name" value="Java(TM) SE Runtime Environment"/>
    <property name="sun.boot.library.path" value="C:\Program Files\Java\jdk1.8.0_101\jre\bin"/>
    <property name="java.vm.version" value="25.101-b13"/>
    <property name="user.country.format" value="JP"/>
    <property name="java.vm.vendor" value="Oracle Corporation"/>
    <property name="maven.multiModuleProjectDirectory" value="C:\Users\IBM_ADMIN\Downloads\mvn_in_action_code\ch-8\account-aggregator\account-persist"/>
    <property name="java.vendor.url" value="http://java.oracle.com/"/>
    <property name="path.separator" value=";"/>
    <property name="guice.disable.misplaced.annotation.check" value="true"/>
    <property name="java.vm.name" value="Java HotSpot(TM) 64-Bit Server VM"/>
    <property name="file.encoding.pkg" value="sun.io"/>
    <property name="user.script" value=""/>
    <property name="user.country" value="US"/>
    <property name="sun.java.launcher" value="SUN_STANDARD"/>
    <property name="sun.os.patch.level" value="Service Pack 1"/>
    <property name="java.vm.specification.name" value="Java Virtual Machine Specification"/>
    <property name="user.dir" value="C:\Users\IBM_ADMIN\Downloads\mvn_in_action_code\ch-8\account-aggregator\account-persist"/>
    <property name="java.runtime.version" value="1.8.0_101-b13"/>
    <property name="java.awt.graphicsenv" value="sun.awt.Win32GraphicsEnvironment"/>
    <property name="java.endorsed.dirs" value="C:\Program Files\Java\jdk1.8.0_101\jre\lib\endorsed"/>
    <property name="os.arch" value="amd64"/>
    <property name="java.io.tmpdir" value="C:\Users\IBM_AD~1\AppData\Local\Temp\"/>
    <property name="line.separator" value="
"/>
    <property name="java.vm.specification.vendor" value="Oracle Corporation"/>
    <property name="user.variant" value=""/>
    <property name="os.name" value="Windows 7"/>
    <property name="classworlds.conf" value="C:\Users\IBM_ADMIN\eclipse-workspace\.metadata\.plugins\org.eclipse.m2e.launching\launches\m2conf727711617790458946.tmp"/>
    <property name="sun.jnu.encoding" value="MS932"/>
    <property name="java.library.path" value="C:\Program Files\Java\jdk1.8.0_101\bin;C:\windows\Sun\Java\bin;C:\windows\system32;C:\windows;C:/Program Files/Java/jre1.8.0_131/bin/server;C:/Program Files/Java/jre1.8.0_131/bin;C:/Program Files/Java/jre1.8.0_131/lib/amd64;C:\ProgramData\Oracle\Java\javapath;C:\oracle\product\11.2.0\client_1\bin;C:\Program Files (x86)\IBM\RationalSDLC\common;C:\windows\system32;C:\windows;C:\windows\System32\Wbem;C:\windows\System32\WindowsPowerShell\v1.0\;C:\Program Files\IBM\Infoprint Select;C:\Program Files (x86)\IBM\RationalSDLC\ClearCase\bin;C:\Program Files (x86)\IBM\gsk8\lib;C:\Program Files (x86)\IBM\gsk8\bin;C:\Program Files (x86)\IBM\RationalSDLC\ClearCase\RemoteClient\cteapis;C:\Program Files\Hitachi\Cosminexus\common\lib;C:\Program Files (x86)\Common Files\Hitachi;C:\Program Files\Common Files\Hitachi;C:\Program Files\EmEditor;c:\notes;c:\notes;C:\Program Files\Hitachi\Cosminexus\jdk\bin;C:\Program Files\Git\cmd;C:\Python\Python35-32;C:\Python\Python35-32\Scripts;C:\Program Files\Cloud Foundry;C:\Program Files (x86)\GrapeCity\SAManager\;C:\Program Files\IBM\WebSphere MQ\bin64;C:\Program Files\IBM\WebSphere MQ\bin;C:\Program Files\IBM\WebSphere MQ\tools\c\samples\bin;C:\Program Files\Microsoft\Web Platform Installer\;C:\Program Files (x86)\Microsoft ASP.NET\ASP.NET Web Pages\v1.0\;C:\Program Files (x86)\Windows Kits\8.0\Windows Performance Toolkit\;C:\Program Files\Microsoft SQL Server\110\Tools\Binn\;C:\PROGRA~1\IBM\SQLLIB\BIN;C:\PROGRA~1\IBM\SQLLIB\FUNCTION;C:\PROGRA~1\IBM\SQLLIB\SAMPLES\REPL;C:\Program Files\nodejs\;C:\Users\IBM_ADMIN\Downloads\curl-7.54.1-win64-mingw\bin;C:\Users\IBM_ADMIN\Downloads\gradle-4.2\bin;C:\Program Files (x86)\Microsoft Visual Studio\Common\Tools\WinNT;C:\Program Files (x86)\Microsoft Visual Studio\Common\MSDev98\Bin;C:\Program Files (x86)\Microsoft Visual Studio\Common\Tools;C:\Program Files (x86)\Microsoft Visual Studio\VC98\bin;C:\Users\IBM_ADMIN\AppData\Roaming\npm;C:\Program Files (x86)\Microsoft VS Code\bin;C:\Program Files\Bandizip\;C:\eclipse-java-oxygen-1a-win32-x86_64\eclipse;;."/>
    <property name="java.specification.name" value="Java Platform API Specification"/>
    <property name="java.class.version" value="52.0"/>
    <property name="sun.management.compiler" value="HotSpot 64-Bit Tiered Compilers"/>
    <property name="os.version" value="6.1"/>
    <property name="user.home" value="C:\Users\IBM_ADMIN"/>
    <property name="user.timezone" value="Asia/Shanghai"/>
    <property name="java.awt.printerjob" value="sun.awt.windows.WPrinterJob"/>
    <property name="java.specification.version" value="1.8"/>
    <property name="file.encoding" value="MS932"/>
    <property name="user.name" value="luohao"/>
    <property name="java.class.path" value="C:\eclipse-java-oxygen-1a-win32-x86_64\eclipse\plugins\org.eclipse.m2e.maven.runtime_1.8.2.20171007-0216\jars\plexus-classworlds-2.5.2.jar"/>
    <property name="java.vm.specification.version" value="1.8"/>
    <property name="sun.arch.data.model" value="64"/>
    <property name="java.home" value="C:\Program Files\Java\jdk1.8.0_101\jre"/>
    <property name="sun.java.command" value="org.codehaus.plexus.classworlds.launcher.Launcher -B test"/>
    <property name="java.specification.vendor" value="Oracle Corporation"/>
    <property name="user.language" value="en"/>
    <property name="user.language.format" value="ja"/>
    <property name="awt.toolkit" value="sun.awt.windows.WToolkit"/>
    <property name="java.vm.info" value="mixed mode"/>
    <property name="java.version" value="1.8.0_101"/>
    <property name="java.ext.dirs" value="C:\Program Files\Java\jdk1.8.0_101\jre\lib\ext;C:\windows\Sun\Java\lib\ext"/>
    <property name="sun.boot.class.path" value="C:\Program Files\Java\jdk1.8.0_101\jre\lib\resources.jar;C:\Program Files\Java\jdk1.8.0_101\jre\lib\rt.jar;C:\Program Files\Java\jdk1.8.0_101\jre\lib\sunrsasign.jar;C:\Program Files\Java\jdk1.8.0_101\jre\lib\jsse.jar;C:\Program Files\Java\jdk1.8.0_101\jre\lib\jce.jar;C:\Program Files\Java\jdk1.8.0_101\jre\lib\charsets.jar;C:\Program Files\Java\jdk1.8.0_101\jre\lib\jfr.jar;C:\Program Files\Java\jdk1.8.0_101\jre\classes"/>
    <property name="java.vendor" value="Oracle Corporation"/>
    <property name="maven.home" value="C:\Users\IBM_ADMIN\Downloads\mvn_in_action_code\ch-8\account-aggregator\account-persist\EMBEDDED"/>
    <property name="file.separator" value="\"/>
    <property name="java.vendor.url.bug" value="http://bugreport.sun.com/bugreport/"/>
    <property name="sun.cpu.endian" value="little"/>
    <property name="sun.io.unicode.encoding" value="UnicodeLittle"/>
    <property name="sun.desktop" value="windows"/>
    <property name="sun.cpu.isalist" value="amd64"/>
  </properties>
  <testcase classname="com.juvenxu.mvnbook.account.persist.AccountPersistServiceTest" name="testReadAccount" time="0.455"/>
  <testcase classname="com.juvenxu.mvnbook.account.persist.AccountPersistServiceTest" name="testDeleteAccount" time="0"/>
  <testcase classname="com.juvenxu.mvnbook.account.persist.AccountPersistServiceTest" name="testCreateAccount" time="0.032"/>
  <testcase classname="com.juvenxu.mvnbook.account.persist.AccountPersistServiceTest" name="testUpdateAccount" time="0.062"/>
</testsuite>